<?xml version="1.0" encoding="UTF-8"?>
<testng-results ignored="0" total="1" passed="1" failed="0" skipped="0">
  <reporter-output>
  </reporter-output>
  <suite started-at="2025-07-08T20:16:02 IST" name="Default suite" finished-at="2025-07-08T20:16:06 IST" duration-ms="4242">
    <groups>
    </groups>
    <test started-at="2025-07-08T20:16:02 IST" name="Default test" finished-at="2025-07-08T20:16:06 IST" duration-ms="4242">
      <class name="testngprograms.FirstTest">
        <test-method signature="first()[pri:0, instance:testngprograms.FirstTest@682b2fa]" started-at="2025-07-08T20:16:02 IST" name="first" finished-at="2025-07-08T20:16:06 IST" duration-ms="4189" status="PASS">
          <reporter-output>
          </reporter-output>
        </test-method> <!-- first -->
      </class> <!-- testngprograms.FirstTest -->
    </test> <!-- Default test -->
  </suite> <!-- Default suite -->
</testng-results>
